2021-08-19 12:04:57,688:INFO:PyCaret Supervised Module
2021-08-19 12:04:57,689:INFO:ML Usecase: classification
2021-08-19 12:04:57,689:INFO:version 2.3.3
2021-08-19 12:04:57,689:INFO:Initializing setup()
2021-08-19 12:04:57,690:INFO:setup(target=Survived, ml_usecase=classification, available_plots={'parameter': 'Hyperparameters', 'auc': 'AUC', 'confusion_matrix': 'Confusion Matrix', 'threshold': 'Threshold', 'pr': 'Precision Recall', 'error': 'Prediction Error', 'class_report': 'Class Report', 'rfe': 'Feature Selection', 'learning': 'Learning Curve', 'manifold': 'Manifold Learning', 'calibration': 'Calibration Curve', 'vc': 'Validation Curve', 'dimension': 'Dimensions', 'feature': 'Feature Importance', 'feature_all': 'Feature Importance (All)', 'boundary': 'Decision Boundary', 'lift': 'Lift Chart', 'gain': 'Gain Chart', 'tree': 'Decision Tree', 'ks': 'KS Statistic Plot'}, train_size=0.7, test_data=None, preprocess=True, imputation_type=simple, iterative_imputation_iters=5, categorical_features=None, categorical_imputation=constant, categorical_iterative_imputer=lightgbm, ordinal_features=None, high_cardinality_features=['Cabin'], high_cardinality_method=frequency, numeric_features=None, numeric_imputation=mean, numeric_iterative_imputer=lightgbm, date_features=None, ignore_features=None, normalize=False, normalize_method=zscore, transformation=False, transformation_method=yeo-johnson, handle_unknown_categorical=True, unknown_categorical_method=least_frequent, pca=False, pca_method=linear, pca_components=None, ignore_low_variance=False, combine_rare_levels=False, rare_level_threshold=0.1, bin_numeric_features=None, remove_outliers=False, outliers_threshold=0.05, remove_multicollinearity=False, multicollinearity_threshold=0.9, remove_perfect_collinearity=True, create_clusters=False, cluster_iter=20, polynomial_features=False, polynomial_degree=2, trigonometry_features=False, polynomial_threshold=0.1, group_features=None, group_names=None, feature_selection=False, feature_selection_threshold=0.8, feature_selection_method=classic, feature_interaction=False, feature_ratio=False, interaction_threshold=0.01, fix_imbalance=False, fix_imbalance_method=None, transform_target=False, transform_target_method=box-cox, data_split_shuffle=True, data_split_stratify=False, fold_strategy=stratifiedkfold, fold=10, fold_shuffle=False, fold_groups=None, n_jobs=-1, use_gpu=False, custom_pipeline=None, html=True, session_id=None, log_experiment=False, experiment_name=None, log_plots=False, log_profile=False, log_data=False, silent=False, verbose=True, profile=False, profile_kwargs=None, display=None)
2021-08-19 12:04:57,690:INFO:Checking environment
2021-08-19 12:04:57,691:INFO:python_version: 3.8.2
2021-08-19 12:04:57,692:INFO:python_build: ('default', 'Mar 26 2020 15:53:00')
2021-08-19 12:04:57,692:INFO:machine: x86_64
2021-08-19 12:04:58,067:INFO:platform: Linux-5.4.0-77-generic-x86_64-with-glibc2.10
2021-08-19 12:04:58,067:WARNING:cannot find psutil installation. memory not traceable. Install psutil using pip to enable memory logging.
2021-08-19 12:04:58,067:INFO:Checking libraries
2021-08-19 12:04:58,068:INFO:pd==1.3.0
2021-08-19 12:04:58,068:INFO:numpy==1.21.0
2021-08-19 12:04:58,068:INFO:sklearn==0.24.2
2021-08-19 12:04:58,068:INFO:lightgbm==3.2.1
2021-08-19 12:04:58,068:WARNING:catboost not found
2021-08-19 12:04:58,069:WARNING:xgboost not found
2021-08-19 12:04:58,516:INFO:mlflow==1.19.0
2021-08-19 12:04:58,517:INFO:Checking Exceptions
2021-08-19 12:04:58,553:INFO:Declaring global variables
2021-08-19 12:04:58,554:INFO:USI: 002e
2021-08-19 12:04:58,554:INFO:pycaret_globals: {'n_jobs_param', '_internal_pipeline', 'stratify_param', '_ml_usecase', 'gpu_param', 'data_before_preprocess', 'imputation_classifier', 'pycaret_globals', 'experiment__', 'fold_param', 'transform_target_method_param', 'y_test', 'target_param', 'logging_param', 'fix_imbalance_param', 'imputation_regressor', 'exp_name_log', '_all_metrics', 'fold_shuffle_param', 'fold_generator', 'display_container', 'X_train', '_all_models', 'seed', 'y_train', '_gpu_n_jobs_param', 'X', 'X_test', 'transform_target_param', 'fold_groups_param_full', 'html_param', 'fold_groups_param', 'USI', 'y', 'create_model_container', 'log_plots_param', '_all_models_internal', '_available_plots', 'prep_pipe', 'iterative_imputation_iters_param', 'master_model_container', 'fix_imbalance_method_param'}
2021-08-19 12:04:58,554:INFO:Preparing display monitor
2021-08-19 12:04:58,555:INFO:Preparing display monitor
2021-08-19 12:04:58,612:INFO:Importing libraries
2021-08-19 12:04:58,612:INFO:Copying data for preprocessing
2021-08-19 12:04:58,629:INFO:Declaring preprocessing parameters
2021-08-19 12:04:58,631:INFO:Creating preprocessing pipeline
2021-08-19 12:04:58,667:INFO:Preprocessing pipeline created successfully
2021-08-19 12:04:58,667:ERROR:(Process Exit): setup has been interupted with user command 'quit'. setup must rerun.
2021-08-19 12:04:58,667:INFO:Creating global containers
2021-08-19 12:04:58,669:INFO:Internal pipeline: Pipeline(memory=None, steps=[('empty_step', 'passthrough')], verbose=False)
2021-08-19 12:05:09,055:WARNING:Couldn't import xgboost.XGBClassifier
2021-08-19 12:05:09,055:WARNING:Couldn't import catboost.CatBoostClassifier
2021-08-19 12:05:09,132:WARNING:Couldn't import xgboost.XGBClassifier
2021-08-19 12:05:09,132:WARNING:Couldn't import catboost.CatBoostClassifier
2021-08-19 12:05:09,133:INFO:Creating grid variables
2021-08-19 12:05:09,145:INFO:create_model_container: 0
2021-08-19 12:05:09,146:INFO:master_model_container: 0
2021-08-19 12:05:09,146:INFO:display_container: 1
